2025-09-17 15:09:04 | INFO | Processed JSON message: {'message': 'JSON makes life easier.', 'author': 'Diana'}
2025-09-17 15:09:04 | INFO | Message received from author: Diana
2025-09-17 15:09:04 | INFO | Updated author counts: {'Alice': 4, 'Charlie': 1, 'Diana': 4, 'Eve': 2}
2025-09-17 15:09:04 | INFO | Chart updated successfully for message: {"message": "JSON makes life easier.", "author": "Diana"}
2025-09-17 15:09:07 | INFO | Processed JSON message: {'message': 'Kafka is awesome.', 'author': 'Charlie'}
2025-09-17 15:09:07 | INFO | Message received from author: Charlie
2025-09-17 15:09:07 | INFO | Updated author counts: {'Alice': 4, 'Charlie': 2, 'Diana': 4, 'Eve': 2}
2025-09-17 15:09:07 | INFO | Chart updated successfully for message: {"message": "Kafka is awesome.", "author": "Charlie"}
2025-09-17 15:09:10 | INFO | Processed JSON message: {'message': 'JSON makes life easier.', 'author': 'Bob'}
2025-09-17 15:09:10 | INFO | Message received from author: Bob
2025-09-17 15:09:10 | INFO | Updated author counts: {'Alice': 4, 'Charlie': 2, 'Diana': 4, 'Eve': 2, 'Bob': 1}
2025-09-17 15:09:10 | INFO | Chart updated successfully for message: {"message": "JSON makes life easier.", "author": "Bob"}
2025-09-17 15:09:13 | INFO | Processed JSON message: {'message': 'I love Python!', 'author': 'Bob'}
2025-09-17 15:09:13 | INFO | Message received from author: Bob
2025-09-17 15:09:13 | INFO | Updated author counts: {'Alice': 4, 'Charlie': 2, 'Diana': 4, 'Eve': 2, 'Bob': 2}
2025-09-17 15:09:13 | INFO | Chart updated successfully for message: {"message": "I love Python!", "author": "Bob"}
2025-09-17 15:09:16 | INFO | Processed JSON message: {'message': 'This is a buzz message.', 'author': 'Eve'}
2025-09-17 15:09:16 | INFO | Message received from author: Eve
2025-09-17 15:09:16 | INFO | Updated author counts: {'Alice': 4, 'Charlie': 2, 'Diana': 4, 'Eve': 3, 'Bob': 2}
2025-09-17 15:09:16 | INFO | Chart updated successfully for message: {"message": "This is a buzz message.", "author": "Eve"}
2025-09-17 15:09:19 | INFO | Processed JSON message: {'message': 'I love Python!', 'author': 'Eve'}
2025-09-17 15:09:19 | INFO | Message received from author: Eve
2025-09-17 15:09:19 | INFO | Updated author counts: {'Alice': 4, 'Charlie': 2, 'Diana': 4, 'Eve': 4, 'Bob': 2}
2025-09-17 15:09:19 | INFO | Chart updated successfully for message: {"message": "I love Python!", "author": "Eve"}
2025-09-17 15:09:22 | INFO | Processed JSON message: {'message': 'Buzz messages for everyone.', 'author': 'Alice'}
2025-09-17 15:09:22 | INFO | Message received from author: Alice
2025-09-17 15:09:22 | INFO | Updated author counts: {'Alice': 5, 'Charlie': 2, 'Diana': 4, 'Eve': 4, 'Bob': 2}
2025-09-17 15:09:22 | INFO | Chart updated successfully for message: {"message": "Buzz messages for everyone.", "author": "Alice"}
2025-09-17 15:09:25 | INFO | Processed JSON message: {'message': 'This is a buzz message.', 'author': 'Alice'}
2025-09-17 15:09:25 | INFO | Message received from author: Alice
2025-09-17 15:09:25 | INFO | Updated author counts: {'Alice': 6, 'Charlie': 2, 'Diana': 4, 'Eve': 4, 'Bob': 2}
2025-09-17 15:09:25 | INFO | Chart updated successfully for message: {"message": "This is a buzz message.", "author": "Alice"}
2025-09-17 15:09:28 | INFO | Processed JSON message: {'message': 'Data engineering is my passion.', 'author': 'Diana'}
2025-09-17 15:09:28 | INFO | Message received from author: Diana
2025-09-17 15:09:28 | INFO | Updated author counts: {'Alice': 6, 'Charlie': 2, 'Diana': 5, 'Eve': 4, 'Bob': 2}
2025-09-17 15:09:28 | INFO | Chart updated successfully for message: {"message": "Data engineering is my passion.", "author": "Diana"}
2025-09-17 15:09:31 | INFO | Processed JSON message: {'message': 'I love Python!', 'author': 'Eve'}
2025-09-17 15:09:31 | INFO | Message received from author: Eve
2025-09-17 15:09:31 | INFO | Updated author counts: {'Alice': 6, 'Charlie': 2, 'Diana': 5, 'Eve': 5, 'Bob': 2}
2025-09-17 15:09:31 | INFO | Chart updated successfully for message: {"message": "I love Python!", "author": "Eve"}
2025-09-17 15:09:34 | INFO | Processed JSON message: {'message': 'JSON makes life easier.', 'author': 'Charlie'}
2025-09-17 15:09:34 | INFO | Message received from author: Charlie
2025-09-17 15:09:34 | INFO | Updated author counts: {'Alice': 6, 'Charlie': 3, 'Diana': 5, 'Eve': 5, 'Bob': 2}
2025-09-17 15:09:34 | INFO | Chart updated successfully for message: {"message": "JSON makes life easier.", "author": "Charlie"}
2025-09-17 15:09:37 | INFO | Processed JSON message: {'message': 'Have a great day!', 'author': 'Bob'}
2025-09-17 15:09:37 | INFO | Message received from author: Bob
2025-09-17 15:09:37 | INFO | Updated author counts: {'Alice': 6, 'Charlie': 3, 'Diana': 5, 'Eve': 5, 'Bob': 3}
2025-09-17 15:09:37 | INFO | Chart updated successfully for message: {"message": "Have a great day!", "author": "Bob"}
2025-09-17 15:09:40 | INFO | Processed JSON message: {'message': 'Data engineering is my passion.', 'author': 'Alice'}
2025-09-17 15:09:40 | INFO | Message received from author: Alice
2025-09-17 15:09:40 | INFO | Updated author counts: {'Alice': 7, 'Charlie': 3, 'Diana': 5, 'Eve': 5, 'Bob': 3}
2025-09-17 15:09:40 | INFO | Chart updated successfully for message: {"message": "Data engineering is my passion.", "author": "Alice"}
2025-09-17 15:09:43 | INFO | Processed JSON message: {'message': 'Kafka is awesome.', 'author': 'Diana'}
2025-09-17 15:09:43 | INFO | Message received from author: Diana
2025-09-17 15:09:43 | INFO | Updated author counts: {'Alice': 7, 'Charlie': 3, 'Diana': 6, 'Eve': 5, 'Bob': 3}
2025-09-17 15:09:43 | INFO | Chart updated successfully for message: {"message": "Kafka is awesome.", "author": "Diana"}
2025-09-17 15:09:46 | INFO | Processed JSON message: {'message': 'Kafka is awesome.', 'author': 'Diana'}
2025-09-17 15:09:46 | INFO | Message received from author: Diana
2025-09-17 15:09:46 | INFO | Updated author counts: {'Alice': 7, 'Charlie': 3, 'Diana': 7, 'Eve': 5, 'Bob': 3}
2025-09-17 15:09:46 | INFO | Chart updated successfully for message: {"message": "Kafka is awesome.", "author": "Diana"}
2025-09-17 15:09:49 | INFO | Processed JSON message: {'message': 'Hello, Kafka world!', 'author': 'Bob'}
2025-09-17 15:09:49 | INFO | Message received from author: Bob
2025-09-17 15:09:49 | INFO | Updated author counts: {'Alice': 7, 'Charlie': 3, 'Diana': 7, 'Eve': 5, 'Bob': 4}
2025-09-17 15:09:49 | INFO | Chart updated successfully for message: {"message": "Hello, Kafka world!", "author": "Bob"}
2025-09-17 15:09:52 | INFO | Processed JSON message: {'message': 'Distributed systems are fascinating.', 'author': 'Diana'}
2025-09-17 15:09:52 | INFO | Message received from author: Diana
2025-09-17 15:09:52 | INFO | Updated author counts: {'Alice': 7, 'Charlie': 3, 'Diana': 8, 'Eve': 5, 'Bob': 4}
2025-09-17 15:09:52 | INFO | Chart updated successfully for message: {"message": "Distributed systems are fascinating.", "author": "Diana"}
2025-09-17 15:09:55 | INFO | Processed JSON message: {'message': 'I love Python!', 'author': 'Diana'}
2025-09-17 15:09:55 | INFO | Message received from author: Diana
2025-09-17 15:09:55 | INFO | Updated author counts: {'Alice': 7, 'Charlie': 3, 'Diana': 9, 'Eve': 5, 'Bob': 4}
2025-09-17 15:09:55 | INFO | Chart updated successfully for message: {"message": "I love Python!", "author": "Diana"}
2025-09-17 15:09:58 | INFO | Processed JSON message: {'message': 'Have a great day!', 'author': 'Alice'}
2025-09-17 15:09:58 | INFO | Message received from author: Alice
2025-09-17 15:09:58 | INFO | Updated author counts: {'Alice': 8, 'Charlie': 3, 'Diana': 9, 'Eve': 5, 'Bob': 4}
2025-09-17 15:09:58 | INFO | Chart updated successfully for message: {"message": "Have a great day!", "author": "Alice"}
2025-09-17 15:10:01 | INFO | Processed JSON message: {'message': 'Hello, Kafka world!', 'author': 'Charlie'}
2025-09-17 15:10:01 | INFO | Message received from author: Charlie
2025-09-17 15:10:01 | INFO | Updated author counts: {'Alice': 8, 'Charlie': 4, 'Diana': 9, 'Eve': 5, 'Bob': 4}
2025-09-17 15:10:01 | INFO | Chart updated successfully for message: {"message": "Hello, Kafka world!", "author": "Charlie"}
2025-09-17 15:10:04 | INFO | Processed JSON message: {'message': 'JSON makes life easier.', 'author': 'Diana'}
2025-09-17 15:10:04 | INFO | Message received from author: Diana
2025-09-17 15:10:04 | INFO | Updated author counts: {'Alice': 8, 'Charlie': 4, 'Diana': 10, 'Eve': 5, 'Bob': 4}
2025-09-17 15:10:04 | INFO | Chart updated successfully for message: {"message": "JSON makes life easier.", "author": "Diana"}
2025-09-17 15:10:07 | INFO | Processed JSON message: {'message': 'I love Python!', 'author': 'Bob'}
2025-09-17 15:10:07 | INFO | Message received from author: Bob
2025-09-17 15:10:07 | INFO | Updated author counts: {'Alice': 8, 'Charlie': 4, 'Diana': 10, 'Eve': 5, 'Bob': 5}
2025-09-17 15:10:07 | INFO | Chart updated successfully for message: {"message": "I love Python!", "author": "Bob"}
2025-09-17 15:10:10 | INFO | Processed JSON message: {'message': 'Have a great day!', 'author': 'Diana'}
2025-09-17 15:10:10 | INFO | Message received from author: Diana
2025-09-17 15:10:10 | INFO | Updated author counts: {'Alice': 8, 'Charlie': 4, 'Diana': 11, 'Eve': 5, 'Bob': 5}
2025-09-17 15:10:10 | INFO | Chart updated successfully for message: {"message": "Have a great day!", "author": "Diana"}
2025-09-17 15:10:13 | INFO | Processed JSON message: {'message': 'Hello, Kafka world!', 'author': 'Alice'}
2025-09-17 15:10:13 | INFO | Message received from author: Alice
2025-09-17 15:10:13 | INFO | Updated author counts: {'Alice': 9, 'Charlie': 4, 'Diana': 11, 'Eve': 5, 'Bob': 5}
2025-09-17 15:10:13 | INFO | Chart updated successfully for message: {"message": "Hello, Kafka world!", "author": "Alice"}
2025-09-17 15:10:16 | INFO | Processed JSON message: {'message': 'JSON makes life easier.', 'author': 'Alice'}
2025-09-17 15:10:16 | INFO | Message received from author: Alice
2025-09-17 15:10:16 | INFO | Updated author counts: {'Alice': 10, 'Charlie': 4, 'Diana': 11, 'Eve': 5, 'Bob': 5}
2025-09-17 15:10:16 | INFO | Chart updated successfully for message: {"message": "JSON makes life easier.", "author": "Alice"}
2025-09-17 15:10:19 | INFO | Processed JSON message: {'message': 'Buzz messages for everyone.', 'author': 'Charlie'}
2025-09-17 15:10:19 | INFO | Message received from author: Charlie
2025-09-17 15:10:19 | INFO | Updated author counts: {'Alice': 10, 'Charlie': 5, 'Diana': 11, 'Eve': 5, 'Bob': 5}
2025-09-17 15:10:19 | INFO | Chart updated successfully for message: {"message": "Buzz messages for everyone.", "author": "Charlie"}
2025-09-17 15:10:22 | INFO | Processed JSON message: {'message': 'Buzz messages for everyone.', 'author': 'Bob'}
2025-09-17 15:10:22 | INFO | Message received from author: Bob
2025-09-17 15:10:22 | INFO | Updated author counts: {'Alice': 10, 'Charlie': 5, 'Diana': 11, 'Eve': 5, 'Bob': 6}
2025-09-17 15:10:22 | INFO | Chart updated successfully for message: {"message": "Buzz messages for everyone.", "author": "Bob"}
2025-09-17 15:10:25 | INFO | Processed JSON message: {'message': 'Streaming data is fun.', 'author': 'Diana'}
2025-09-17 15:10:25 | INFO | Message received from author: Diana
2025-09-17 15:10:25 | INFO | Updated author counts: {'Alice': 10, 'Charlie': 5, 'Diana': 12, 'Eve': 5, 'Bob': 6}
2025-09-17 15:10:25 | INFO | Chart updated successfully for message: {"message": "Streaming data is fun.", "author": "Diana"}
2025-09-17 15:10:28 | INFO | Processed JSON message: {'message': 'Have a great day!', 'author': 'Diana'}
2025-09-17 15:10:28 | INFO | Message received from author: Diana
2025-09-17 15:10:28 | INFO | Updated author counts: {'Alice': 10, 'Charlie': 5, 'Diana': 13, 'Eve': 5, 'Bob': 6}
2025-09-17 15:10:28 | INFO | Chart updated successfully for message: {"message": "Have a great day!", "author": "Diana"}
2025-09-17 15:10:31 | INFO | Processed JSON message: {'message': 'I love Python!', 'author': 'Alice'}
2025-09-17 15:10:31 | INFO | Message received from author: Alice
2025-09-17 15:10:31 | INFO | Updated author counts: {'Alice': 11, 'Charlie': 5, 'Diana': 13, 'Eve': 5, 'Bob': 6}
2025-09-17 15:10:31 | INFO | Chart updated successfully for message: {"message": "I love Python!", "author": "Alice"}
2025-09-17 15:10:34 | INFO | Processed JSON message: {'message': 'Streaming data is fun.', 'author': 'Charlie'}
2025-09-17 15:10:34 | INFO | Message received from author: Charlie
2025-09-17 15:10:34 | INFO | Updated author counts: {'Alice': 11, 'Charlie': 6, 'Diana': 13, 'Eve': 5, 'Bob': 6}
2025-09-17 15:10:34 | INFO | Chart updated successfully for message: {"message": "Streaming data is fun.", "author": "Charlie"}
2025-09-17 15:10:37 | INFO | Processed JSON message: {'message': 'Kafka is awesome.', 'author': 'Alice'}
2025-09-17 15:10:37 | INFO | Message received from author: Alice
2025-09-17 15:10:37 | INFO | Updated author counts: {'Alice': 12, 'Charlie': 6, 'Diana': 13, 'Eve': 5, 'Bob': 6}
2025-09-17 15:10:37 | INFO | Chart updated successfully for message: {"message": "Kafka is awesome.", "author": "Alice"}
2025-09-17 15:10:40 | INFO | Processed JSON message: {'message': 'Kafka is awesome.', 'author': 'Diana'}
2025-09-17 15:10:40 | INFO | Message received from author: Diana
2025-09-17 15:10:40 | INFO | Updated author counts: {'Alice': 12, 'Charlie': 6, 'Diana': 14, 'Eve': 5, 'Bob': 6}
2025-09-17 15:10:40 | INFO | Chart updated successfully for message: {"message": "Kafka is awesome.", "author": "Diana"}
2025-09-17 15:10:43 | INFO | Processed JSON message: {'message': 'Kafka is awesome.', 'author': 'Alice'}
2025-09-17 15:10:43 | INFO | Message received from author: Alice
2025-09-17 15:10:43 | INFO | Updated author counts: {'Alice': 13, 'Charlie': 6, 'Diana': 14, 'Eve': 5, 'Bob': 6}
2025-09-17 15:10:43 | INFO | Chart updated successfully for message: {"message": "Kafka is awesome.", "author": "Alice"}
2025-09-17 15:10:46 | INFO | Processed JSON message: {'message': 'JSON makes life easier.', 'author': 'Bob'}
2025-09-17 15:10:46 | INFO | Message received from author: Bob
2025-09-17 15:10:46 | INFO | Updated author counts: {'Alice': 13, 'Charlie': 6, 'Diana': 14, 'Eve': 5, 'Bob': 7}
2025-09-17 15:10:46 | INFO | Chart updated successfully for message: {"message": "JSON makes life easier.", "author": "Bob"}
2025-09-17 15:10:49 | INFO | Processed JSON message: {'message': 'This is a buzz message.', 'author': 'Bob'}
2025-09-17 15:10:49 | INFO | Message received from author: Bob
2025-09-17 15:10:49 | INFO | Updated author counts: {'Alice': 13, 'Charlie': 6, 'Diana': 14, 'Eve': 5, 'Bob': 8}
2025-09-17 15:10:49 | INFO | Chart updated successfully for message: {"message": "This is a buzz message.", "author": "Bob"}
2025-09-17 15:10:52 | INFO | Processed JSON message: {'message': 'Streaming data is fun.', 'author': 'Diana'}
2025-09-17 15:10:52 | INFO | Message received from author: Diana
2025-09-17 15:10:52 | INFO | Updated author counts: {'Alice': 13, 'Charlie': 6, 'Diana': 15, 'Eve': 5, 'Bob': 8}
2025-09-17 15:10:52 | INFO | Chart updated successfully for message: {"message": "Streaming data is fun.", "author": "Diana"}
2025-09-17 15:10:55 | INFO | Processed JSON message: {'message': 'Have a great day!', 'author': 'Bob'}
2025-09-17 15:10:55 | INFO | Message received from author: Bob
2025-09-17 15:10:55 | INFO | Updated author counts: {'Alice': 13, 'Charlie': 6, 'Diana': 15, 'Eve': 5, 'Bob': 9}
2025-09-17 15:10:55 | INFO | Chart updated successfully for message: {"message": "Have a great day!", "author": "Bob"}
2025-09-17 15:10:58 | INFO | Processed JSON message: {'message': 'This is a buzz message.', 'author': 'Eve'}
2025-09-17 15:10:58 | INFO | Message received from author: Eve
2025-09-17 15:10:58 | INFO | Updated author counts: {'Alice': 13, 'Charlie': 6, 'Diana': 15, 'Eve': 6, 'Bob': 9}
2025-09-17 15:10:58 | INFO | Chart updated successfully for message: {"message": "This is a buzz message.", "author": "Eve"}
2025-09-17 15:11:01 | INFO | Processed JSON message: {'message': 'Hello, Kafka world!', 'author': 'Bob'}
2025-09-17 15:11:01 | INFO | Message received from author: Bob
2025-09-17 15:11:01 | INFO | Updated author counts: {'Alice': 13, 'Charlie': 6, 'Diana': 15, 'Eve': 6, 'Bob': 10}
2025-09-17 15:11:01 | INFO | Chart updated successfully for message: {"message": "Hello, Kafka world!", "author": "Bob"}
2025-09-17 15:11:04 | INFO | Processed JSON message: {'message': 'This is a buzz message.', 'author': 'Alice'}
2025-09-17 15:11:04 | INFO | Message received from author: Alice
2025-09-17 15:11:04 | INFO | Updated author counts: {'Alice': 14, 'Charlie': 6, 'Diana': 15, 'Eve': 6, 'Bob': 10}
2025-09-17 15:11:04 | INFO | Chart updated successfully for message: {"message": "This is a buzz message.", "author": "Alice"}
2025-09-17 15:11:07 | INFO | Processed JSON message: {'message': 'Streaming data is fun.', 'author': 'Eve'}
2025-09-17 15:11:07 | INFO | Message received from author: Eve
2025-09-17 15:11:07 | INFO | Updated author counts: {'Alice': 14, 'Charlie': 6, 'Diana': 15, 'Eve': 7, 'Bob': 10}
2025-09-17 15:11:07 | INFO | Chart updated successfully for message: {"message": "Streaming data is fun.", "author": "Eve"}
2025-09-17 15:11:10 | INFO | Processed JSON message: {'message': 'Kafka is awesome.', 'author': 'Alice'}
2025-09-17 15:11:10 | INFO | Message received from author: Alice
2025-09-17 15:11:10 | INFO | Updated author counts: {'Alice': 15, 'Charlie': 6, 'Diana': 15, 'Eve': 7, 'Bob': 10}
2025-09-17 15:11:10 | INFO | Chart updated successfully for message: {"message": "Kafka is awesome.", "author": "Alice"}
2025-09-17 15:11:13 | INFO | Processed JSON message: {'message': 'JSON makes life easier.', 'author': 'Bob'}
2025-09-17 15:11:13 | INFO | Message received from author: Bob
2025-09-17 15:11:13 | INFO | Updated author counts: {'Alice': 15, 'Charlie': 6, 'Diana': 15, 'Eve': 7, 'Bob': 11}
2025-09-17 15:11:13 | INFO | Chart updated successfully for message: {"message": "JSON makes life easier.", "author": "Bob"}
2025-09-17 15:11:16 | INFO | Processed JSON message: {'message': 'This is a buzz message.', 'author': 'Charlie'}
2025-09-17 15:11:16 | INFO | Message received from author: Charlie
2025-09-17 15:11:16 | INFO | Updated author counts: {'Alice': 15, 'Charlie': 7, 'Diana': 15, 'Eve': 7, 'Bob': 11}
2025-09-17 15:11:16 | INFO | Chart updated successfully for message: {"message": "This is a buzz message.", "author": "Charlie"}
2025-09-17 15:11:19 | INFO | Processed JSON message: {'message': 'Have a great day!', 'author': 'Diana'}
2025-09-17 15:11:19 | INFO | Message received from author: Diana
2025-09-17 15:11:19 | INFO | Updated author counts: {'Alice': 15, 'Charlie': 7, 'Diana': 16, 'Eve': 7, 'Bob': 11}
2025-09-17 15:11:19 | INFO | Chart updated successfully for message: {"message": "Have a great day!", "author": "Diana"}
2025-09-17 15:11:22 | INFO | Processed JSON message: {'message': 'Distributed systems are fascinating.', 'author': 'Bob'}
2025-09-17 15:11:22 | INFO | Message received from author: Bob
2025-09-17 15:11:22 | INFO | Updated author counts: {'Alice': 15, 'Charlie': 7, 'Diana': 16, 'Eve': 7, 'Bob': 12}
2025-09-17 15:11:22 | INFO | Chart updated successfully for message: {"message": "Distributed systems are fascinating.", "author": "Bob"}
2025-09-17 15:11:25 | INFO | Processed JSON message: {'message': 'Kafka is awesome.', 'author': 'Alice'}
2025-09-17 15:11:25 | INFO | Message received from author: Alice
2025-09-17 15:11:25 | INFO | Updated author counts: {'Alice': 16, 'Charlie': 7, 'Diana': 16, 'Eve': 7, 'Bob': 12}
2025-09-17 15:11:25 | INFO | Chart updated successfully for message: {"message": "Kafka is awesome.", "author": "Alice"}
2025-09-17 15:11:28 | INFO | Processed JSON message: {'message': 'Streaming data is fun.', 'author': 'Alice'}
2025-09-17 15:11:28 | INFO | Message received from author: Alice
2025-09-17 15:11:28 | INFO | Updated author counts: {'Alice': 17, 'Charlie': 7, 'Diana': 16, 'Eve': 7, 'Bob': 12}
2025-09-17 15:11:28 | INFO | Chart updated successfully for message: {"message": "Streaming data is fun.", "author": "Alice"}
2025-09-17 15:11:31 | INFO | Processed JSON message: {'message': 'Have a great day!', 'author': 'Diana'}
2025-09-17 15:11:31 | INFO | Message received from author: Diana
2025-09-17 15:11:31 | INFO | Updated author counts: {'Alice': 17, 'Charlie': 7, 'Diana': 17, 'Eve': 7, 'Bob': 12}
2025-09-17 15:11:31 | INFO | Chart updated successfully for message: {"message": "Have a great day!", "author": "Diana"}
2025-09-17 15:11:34 | INFO | Processed JSON message: {'message': 'Streaming data is fun.', 'author': 'Alice'}
2025-09-17 15:11:34 | INFO | Message received from author: Alice
2025-09-17 15:11:34 | INFO | Updated author counts: {'Alice': 18, 'Charlie': 7, 'Diana': 17, 'Eve': 7, 'Bob': 12}
2025-09-17 15:11:34 | INFO | Chart updated successfully for message: {"message": "Streaming data is fun.", "author": "Alice"}
2025-09-17 15:11:37 | INFO | Processed JSON message: {'message': 'This is a buzz message.', 'author': 'Diana'}
2025-09-17 15:11:37 | INFO | Message received from author: Diana
2025-09-17 15:11:37 | INFO | Updated author counts: {'Alice': 18, 'Charlie': 7, 'Diana': 18, 'Eve': 7, 'Bob': 12}
2025-09-17 15:11:37 | INFO | Chart updated successfully for message: {"message": "This is a buzz message.", "author": "Diana"}
2025-09-17 15:11:40 | INFO | Processed JSON message: {'message': 'Data engineering is my passion.', 'author': 'Bob'}
2025-09-17 15:11:40 | INFO | Message received from author: Bob
2025-09-17 15:11:40 | INFO | Updated author counts: {'Alice': 18, 'Charlie': 7, 'Diana': 18, 'Eve': 7, 'Bob': 13}
2025-09-17 15:11:40 | INFO | Chart updated successfully for message: {"message": "Data engineering is my passion.", "author": "Bob"}
2025-09-17 15:11:43 | INFO | Processed JSON message: {'message': 'Have a great day!', 'author': 'Diana'}
2025-09-17 15:11:43 | INFO | Message received from author: Diana
2025-09-17 15:11:43 | INFO | Updated author counts: {'Alice': 18, 'Charlie': 7, 'Diana': 19, 'Eve': 7, 'Bob': 13}
2025-09-17 15:11:43 | INFO | Chart updated successfully for message: {"message": "Have a great day!", "author": "Diana"}
2025-09-17 15:11:46 | INFO | Processed JSON message: {'message': 'Kafka is awesome.', 'author': 'Alice'}
2025-09-17 15:11:46 | INFO | Message received from author: Alice
2025-09-17 15:11:46 | INFO | Updated author counts: {'Alice': 19, 'Charlie': 7, 'Diana': 19, 'Eve': 7, 'Bob': 13}
2025-09-17 15:11:46 | INFO | Chart updated successfully for message: {"message": "Kafka is awesome.", "author": "Alice"}
2025-09-17 15:11:49 | INFO | Processed JSON message: {'message': 'Kafka is awesome.', 'author': 'Eve'}
2025-09-17 15:11:49 | INFO | Message received from author: Eve
2025-09-17 15:11:49 | INFO | Updated author counts: {'Alice': 19, 'Charlie': 7, 'Diana': 19, 'Eve': 8, 'Bob': 13}
2025-09-17 15:11:49 | INFO | Chart updated successfully for message: {"message": "Kafka is awesome.", "author": "Eve"}
2025-09-17 15:11:52 | INFO | Processed JSON message: {'message': 'Have a great day!', 'author': 'Diana'}
2025-09-17 15:11:52 | INFO | Message received from author: Diana
2025-09-17 15:11:52 | INFO | Updated author counts: {'Alice': 19, 'Charlie': 7, 'Diana': 20, 'Eve': 8, 'Bob': 13}
2025-09-17 15:11:52 | INFO | Chart updated successfully for message: {"message": "Have a great day!", "author": "Diana"}
2025-09-17 15:11:55 | INFO | Processed JSON message: {'message': 'Buzz messages for everyone.', 'author': 'Charlie'}
2025-09-17 15:11:55 | INFO | Message received from author: Charlie
2025-09-17 15:11:55 | INFO | Updated author counts: {'Alice': 19, 'Charlie': 8, 'Diana': 20, 'Eve': 8, 'Bob': 13}
2025-09-17 15:11:55 | INFO | Chart updated successfully for message: {"message": "Buzz messages for everyone.", "author": "Charlie"}
2025-09-17 15:11:58 | INFO | Processed JSON message: {'message': 'This is a buzz message.', 'author': 'Charlie'}
2025-09-17 15:11:58 | INFO | Message received from author: Charlie
2025-09-17 15:11:58 | INFO | Updated author counts: {'Alice': 19, 'Charlie': 9, 'Diana': 20, 'Eve': 8, 'Bob': 13}
2025-09-17 15:11:58 | INFO | Chart updated successfully for message: {"message": "This is a buzz message.", "author": "Charlie"}
2025-09-17 15:12:01 | INFO | Processed JSON message: {'message': 'Streaming data is fun.', 'author': 'Alice'}
2025-09-17 15:12:01 | INFO | Message received from author: Alice
2025-09-17 15:12:01 | INFO | Updated author counts: {'Alice': 20, 'Charlie': 9, 'Diana': 20, 'Eve': 8, 'Bob': 13}
2025-09-17 15:12:01 | INFO | Chart updated successfully for message: {"message": "Streaming data is fun.", "author": "Alice"}
2025-09-17 15:12:04 | INFO | Processed JSON message: {'message': 'Hello, Kafka world!', 'author': 'Diana'}
2025-09-17 15:12:04 | INFO | Message received from author: Diana
2025-09-17 15:12:04 | INFO | Updated author counts: {'Alice': 20, 'Charlie': 9, 'Diana': 21, 'Eve': 8, 'Bob': 13}
2025-09-17 15:12:04 | INFO | Chart updated successfully for message: {"message": "Hello, Kafka world!", "author": "Diana"}
2025-09-17 15:12:07 | INFO | Processed JSON message: {'message': 'Kafka is awesome.', 'author': 'Bob'}
2025-09-17 15:12:07 | INFO | Message received from author: Bob
2025-09-17 15:12:07 | INFO | Updated author counts: {'Alice': 20, 'Charlie': 9, 'Diana': 21, 'Eve': 8, 'Bob': 14}
2025-09-17 15:12:07 | INFO | Chart updated successfully for message: {"message": "Kafka is awesome.", "author": "Bob"}
2025-09-17 15:12:10 | INFO | Processed JSON message: {'message': 'I love Python!', 'author': 'Eve'}
2025-09-17 15:12:10 | INFO | Message received from author: Eve
2025-09-17 15:12:10 | INFO | Updated author counts: {'Alice': 20, 'Charlie': 9, 'Diana': 21, 'Eve': 9, 'Bob': 14}
2025-09-17 15:12:10 | INFO | Chart updated successfully for message: {"message": "I love Python!", "author": "Eve"}
2025-09-17 15:12:13 | INFO | Processed JSON message: {'message': 'JSON makes life easier.', 'author': 'Charlie'}
2025-09-17 15:12:13 | INFO | Message received from author: Charlie
2025-09-17 15:12:13 | INFO | Updated author counts: {'Alice': 20, 'Charlie': 10, 'Diana': 21, 'Eve': 9, 'Bob': 14}
2025-09-17 15:12:13 | INFO | Chart updated successfully for message: {"message": "JSON makes life easier.", "author": "Charlie"}
2025-09-17 15:12:16 | INFO | Processed JSON message: {'message': 'I love Python!', 'author': 'Charlie'}
2025-09-17 15:12:16 | INFO | Message received from author: Charlie
2025-09-17 15:12:16 | INFO | Updated author counts: {'Alice': 20, 'Charlie': 11, 'Diana': 21, 'Eve': 9, 'Bob': 14}
2025-09-17 15:12:16 | INFO | Chart updated successfully for message: {"message": "I love Python!", "author": "Charlie"}
2025-09-17 15:12:19 | INFO | Processed JSON message: {'message': 'I love Python!', 'author': 'Charlie'}
2025-09-17 15:12:19 | INFO | Message received from author: Charlie
2025-09-17 15:12:19 | INFO | Updated author counts: {'Alice': 20, 'Charlie': 12, 'Diana': 21, 'Eve': 9, 'Bob': 14}
2025-09-17 15:12:19 | INFO | Chart updated successfully for message: {"message": "I love Python!", "author": "Charlie"}
2025-09-17 15:12:22 | INFO | Processed JSON message: {'message': 'I love Python!', 'author': 'Diana'}
2025-09-17 15:12:22 | INFO | Message received from author: Diana
2025-09-17 15:12:22 | INFO | Updated author counts: {'Alice': 20, 'Charlie': 12, 'Diana': 22, 'Eve': 9, 'Bob': 14}
2025-09-17 15:12:22 | INFO | Chart updated successfully for message: {"message": "I love Python!", "author": "Diana"}
2025-09-17 15:12:25 | INFO | Processed JSON message: {'message': 'Streaming data is fun.', 'author': 'Diana'}
2025-09-17 15:12:25 | INFO | Message received from author: Diana
2025-09-17 15:12:25 | INFO | Updated author counts: {'Alice': 20, 'Charlie': 12, 'Diana': 23, 'Eve': 9, 'Bob': 14}
2025-09-17 15:12:25 | INFO | Chart updated successfully for message: {"message": "Streaming data is fun.", "author": "Diana"}
2025-09-17 15:12:28 | INFO | Processed JSON message: {'message': 'Data engineering is my passion.', 'author': 'Eve'}
2025-09-17 15:12:28 | INFO | Message received from author: Eve
2025-09-17 15:12:28 | INFO | Updated author counts: {'Alice': 20, 'Charlie': 12, 'Diana': 23, 'Eve': 10, 'Bob': 14}
2025-09-17 15:12:28 | INFO | Chart updated successfully for message: {"message": "Data engineering is my passion.", "author": "Eve"}
2025-09-17 15:12:31 | INFO | Processed JSON message: {'message': 'Buzz messages for everyone.', 'author': 'Eve'}
2025-09-17 15:12:31 | INFO | Message received from author: Eve
2025-09-17 15:12:31 | INFO | Updated author counts: {'Alice': 20, 'Charlie': 12, 'Diana': 23, 'Eve': 11, 'Bob': 14}
2025-09-17 15:12:31 | INFO | Chart updated successfully for message: {"message": "Buzz messages for everyone.", "author": "Eve"}
2025-09-17 15:12:34 | INFO | Processed JSON message: {'message': 'JSON makes life easier.', 'author': 'Eve'}
2025-09-17 15:12:34 | INFO | Message received from author: Eve
2025-09-17 15:12:34 | INFO | Updated author counts: {'Alice': 20, 'Charlie': 12, 'Diana': 23, 'Eve': 12, 'Bob': 14}
2025-09-17 15:12:35 | INFO | Chart updated successfully for message: {"message": "JSON makes life easier.", "author": "Eve"}
2025-09-17 15:12:37 | INFO | Processed JSON message: {'message': 'Have a great day!', 'author': 'Alice'}
2025-09-17 15:12:37 | INFO | Message received from author: Alice
2025-09-17 15:12:37 | INFO | Updated author counts: {'Alice': 21, 'Charlie': 12, 'Diana': 23, 'Eve': 12, 'Bob': 14}
2025-09-17 15:12:37 | INFO | Chart updated successfully for message: {"message": "Have a great day!", "author": "Alice"}
2025-09-17 15:12:40 | INFO | Processed JSON message: {'message': 'I love Python!', 'author': 'Bob'}
2025-09-17 15:12:40 | INFO | Message received from author: Bob
2025-09-17 15:12:40 | INFO | Updated author counts: {'Alice': 21, 'Charlie': 12, 'Diana': 23, 'Eve': 12, 'Bob': 15}
2025-09-17 15:12:40 | INFO | Chart updated successfully for message: {"message": "I love Python!", "author": "Bob"}
2025-09-17 15:12:43 | INFO | Processed JSON message: {'message': 'I love Python!', 'author': 'Bob'}
2025-09-17 15:12:43 | INFO | Message received from author: Bob
2025-09-17 15:12:43 | INFO | Updated author counts: {'Alice': 21, 'Charlie': 12, 'Diana': 23, 'Eve': 12, 'Bob': 16}
2025-09-17 15:12:43 | INFO | Chart updated successfully for message: {"message": "I love Python!", "author": "Bob"}
2025-09-17 15:12:46 | INFO | Processed JSON message: {'message': 'This is a buzz message.', 'author': 'Eve'}
2025-09-17 15:12:46 | INFO | Message received from author: Eve
2025-09-17 15:12:46 | INFO | Updated author counts: {'Alice': 21, 'Charlie': 12, 'Diana': 23, 'Eve': 13, 'Bob': 16}
2025-09-17 15:12:46 | INFO | Chart updated successfully for message: {"message": "This is a buzz message.", "author": "Eve"}
2025-09-17 15:12:49 | INFO | Processed JSON message: {'message': 'This is a buzz message.', 'author': 'Alice'}
2025-09-17 15:12:49 | INFO | Message received from author: Alice
2025-09-17 15:12:49 | INFO | Updated author counts: {'Alice': 22, 'Charlie': 12, 'Diana': 23, 'Eve': 13, 'Bob': 16}
2025-09-17 15:12:49 | INFO | Chart updated successfully for message: {"message": "This is a buzz message.", "author": "Alice"}
2025-09-17 15:12:52 | INFO | Processed JSON message: {'message': 'Distributed systems are fascinating.', 'author': 'Diana'}
2025-09-17 15:12:52 | INFO | Message received from author: Diana
2025-09-17 15:12:52 | INFO | Updated author counts: {'Alice': 22, 'Charlie': 12, 'Diana': 24, 'Eve': 13, 'Bob': 16}
2025-09-17 15:12:53 | INFO | Chart updated successfully for message: {"message": "Distributed systems are fascinating.", "author": "Diana"}
2025-09-17 15:12:55 | INFO | Processed JSON message: {'message': 'Streaming data is fun.', 'author': 'Eve'}
2025-09-17 15:12:55 | INFO | Message received from author: Eve
2025-09-17 15:12:55 | INFO | Updated author counts: {'Alice': 22, 'Charlie': 12, 'Diana': 24, 'Eve': 14, 'Bob': 16}
2025-09-17 15:12:56 | INFO | Chart updated successfully for message: {"message": "Streaming data is fun.", "author": "Eve"}
2025-09-17 15:12:58 | INFO | Processed JSON message: {'message': 'Have a great day!', 'author': 'Charlie'}
2025-09-17 15:12:58 | INFO | Message received from author: Charlie
2025-09-17 15:12:58 | INFO | Updated author counts: {'Alice': 22, 'Charlie': 13, 'Diana': 24, 'Eve': 14, 'Bob': 16}
2025-09-17 15:12:59 | INFO | Chart updated successfully for message: {"message": "Have a great day!", "author": "Charlie"}
2025-09-17 15:13:01 | INFO | Processed JSON message: {'message': 'JSON makes life easier.', 'author': 'Eve'}
2025-09-17 15:13:01 | INFO | Message received from author: Eve
2025-09-17 15:13:01 | INFO | Updated author counts: {'Alice': 22, 'Charlie': 13, 'Diana': 24, 'Eve': 15, 'Bob': 16}
2025-09-17 15:13:02 | INFO | Chart updated successfully for message: {"message": "JSON makes life easier.", "author": "Eve"}
2025-09-17 15:13:04 | INFO | Processed JSON message: {'message': 'Buzz messages for everyone.', 'author': 'Diana'}
2025-09-17 15:13:04 | INFO | Message received from author: Diana
2025-09-17 15:13:04 | INFO | Updated author counts: {'Alice': 22, 'Charlie': 13, 'Diana': 25, 'Eve': 15, 'Bob': 16}
2025-09-17 15:13:05 | INFO | Chart updated successfully for message: {"message": "Buzz messages for everyone.", "author": "Diana"}
2025-09-17 15:13:07 | INFO | Processed JSON message: {'message': 'This is a buzz message.', 'author': 'Charlie'}
2025-09-17 15:13:07 | INFO | Message received from author: Charlie
2025-09-17 15:13:07 | INFO | Updated author counts: {'Alice': 22, 'Charlie': 14, 'Diana': 25, 'Eve': 15, 'Bob': 16}
2025-09-17 15:13:08 | INFO | Chart updated successfully for message: {"message": "This is a buzz message.", "author": "Charlie"}
2025-09-17 15:13:10 | INFO | Processed JSON message: {'message': 'Distributed systems are fascinating.', 'author': 'Charlie'}
2025-09-17 15:13:10 | INFO | Message received from author: Charlie
2025-09-17 15:13:10 | INFO | Updated author counts: {'Alice': 22, 'Charlie': 15, 'Diana': 25, 'Eve': 15, 'Bob': 16}
2025-09-17 15:13:11 | INFO | Chart updated successfully for message: {"message": "Distributed systems are fascinating.", "author": "Charlie"}
2025-09-17 15:13:13 | INFO | Processed JSON message: {'message': 'Buzz messages for everyone.', 'author': 'Bob'}
2025-09-17 15:13:13 | INFO | Message received from author: Bob
2025-09-17 15:13:13 | INFO | Updated author counts: {'Alice': 22, 'Charlie': 15, 'Diana': 25, 'Eve': 15, 'Bob': 17}
2025-09-17 15:13:14 | INFO | Chart updated successfully for message: {"message": "Buzz messages for everyone.", "author": "Bob"}
2025-09-17 15:13:16 | INFO | Processed JSON message: {'message': 'This is a buzz message.', 'author': 'Eve'}
2025-09-17 15:13:16 | INFO | Message received from author: Eve
2025-09-17 15:13:16 | INFO | Updated author counts: {'Alice': 22, 'Charlie': 15, 'Diana': 25, 'Eve': 16, 'Bob': 17}
2025-09-17 15:13:17 | INFO | Chart updated successfully for message: {"message": "This is a buzz message.", "author": "Eve"}
2025-09-17 15:13:19 | INFO | Processed JSON message: {'message': 'Data engineering is my passion.', 'author': 'Diana'}
2025-09-17 15:13:19 | INFO | Message received from author: Diana
2025-09-17 15:13:19 | INFO | Updated author counts: {'Alice': 22, 'Charlie': 15, 'Diana': 26, 'Eve': 16, 'Bob': 17}
2025-09-17 15:13:20 | INFO | Chart updated successfully for message: {"message": "Data engineering is my passion.", "author": "Diana"}
2025-09-17 15:13:22 | INFO | Processed JSON message: {'message': 'Data engineering is my passion.', 'author': 'Alice'}
2025-09-17 15:13:22 | INFO | Message received from author: Alice
2025-09-17 15:13:22 | INFO | Updated author counts: {'Alice': 23, 'Charlie': 15, 'Diana': 26, 'Eve': 16, 'Bob': 17}
2025-09-17 15:13:23 | INFO | Chart updated successfully for message: {"message": "Data engineering is my passion.", "author": "Alice"}
2025-09-17 15:13:25 | INFO | Processed JSON message: {'message': 'Buzz messages for everyone.', 'author': 'Diana'}
2025-09-17 15:13:25 | INFO | Message received from author: Diana
2025-09-17 15:13:25 | INFO | Updated author counts: {'Alice': 23, 'Charlie': 15, 'Diana': 27, 'Eve': 16, 'Bob': 17}
2025-09-17 15:13:26 | INFO | Chart updated successfully for message: {"message": "Buzz messages for everyone.", "author": "Diana"}
2025-09-17 15:13:28 | INFO | Processed JSON message: {'message': 'JSON makes life easier.', 'author': 'Alice'}
2025-09-17 15:13:28 | INFO | Message received from author: Alice
2025-09-17 15:13:28 | INFO | Updated author counts: {'Alice': 24, 'Charlie': 15, 'Diana': 27, 'Eve': 16, 'Bob': 17}
2025-09-17 15:13:29 | INFO | Chart updated successfully for message: {"message": "JSON makes life easier.", "author": "Alice"}
2025-09-17 15:13:31 | INFO | Processed JSON message: {'message': 'Data engineering is my passion.', 'author': 'Eve'}
2025-09-17 15:13:31 | INFO | Message received from author: Eve
2025-09-17 15:13:31 | INFO | Updated author counts: {'Alice': 24, 'Charlie': 15, 'Diana': 27, 'Eve': 17, 'Bob': 17}
2025-09-17 15:13:32 | INFO | Chart updated successfully for message: {"message": "Data engineering is my passion.", "author": "Eve"}
2025-09-17 15:13:34 | INFO | Processed JSON message: {'message': 'Distributed systems are fascinating.', 'author': 'Alice'}
2025-09-17 15:13:34 | INFO | Message received from author: Alice
2025-09-17 15:13:34 | INFO | Updated author counts: {'Alice': 25, 'Charlie': 15, 'Diana': 27, 'Eve': 17, 'Bob': 17}
2025-09-17 15:13:35 | INFO | Chart updated successfully for message: {"message": "Distributed systems are fascinating.", "author": "Alice"}
2025-09-17 15:13:37 | INFO | Processed JSON message: {'message': 'Have a great day!', 'author': 'Charlie'}
2025-09-17 15:13:37 | INFO | Message received from author: Charlie
2025-09-17 15:13:37 | INFO | Updated author counts: {'Alice': 25, 'Charlie': 16, 'Diana': 27, 'Eve': 17, 'Bob': 17}
2025-09-17 15:13:38 | INFO | Chart updated successfully for message: {"message": "Have a great day!", "author": "Charlie"}
2025-09-17 15:13:41 | INFO | Processed JSON message: {'message': 'Data engineering is my passion.', 'author': 'Alice'}
2025-09-17 15:13:41 | INFO | Message received from author: Alice
2025-09-17 15:13:41 | INFO | Updated author counts: {'Alice': 26, 'Charlie': 16, 'Diana': 27, 'Eve': 17, 'Bob': 17}
2025-09-17 15:13:41 | INFO | Chart updated successfully for message: {"message": "Data engineering is my passion.", "author": "Alice"}
2025-09-17 15:13:44 | INFO | Processed JSON message: {'message': 'Distributed systems are fascinating.', 'author': 'Diana'}
2025-09-17 15:13:44 | INFO | Message received from author: Diana
2025-09-17 15:13:44 | INFO | Updated author counts: {'Alice': 26, 'Charlie': 16, 'Diana': 28, 'Eve': 17, 'Bob': 17}
2025-09-17 15:13:44 | INFO | Chart updated successfully for message: {"message": "Distributed systems are fascinating.", "author": "Diana"}
2025-09-17 15:13:47 | INFO | Processed JSON message: {'message': 'Buzz messages for everyone.', 'author': 'Alice'}
2025-09-17 15:13:47 | INFO | Message received from author: Alice
2025-09-17 15:13:47 | INFO | Updated author counts: {'Alice': 27, 'Charlie': 16, 'Diana': 28, 'Eve': 17, 'Bob': 17}
2025-09-17 15:13:47 | INFO | Chart updated successfully for message: {"message": "Buzz messages for everyone.", "author": "Alice"}
2025-09-17 15:13:50 | INFO | Processed JSON message: {'message': 'Hello, Kafka world!', 'author': 'Diana'}
2025-09-17 15:13:50 | INFO | Message received from author: Diana
2025-09-17 15:13:50 | INFO | Updated author counts: {'Alice': 27, 'Charlie': 16, 'Diana': 29, 'Eve': 17, 'Bob': 17}
2025-09-17 15:13:50 | INFO | Chart updated successfully for message: {"message": "Hello, Kafka world!", "author": "Diana"}
2025-09-17 15:13:53 | INFO | Processed JSON message: {'message': 'This is a buzz message.', 'author': 'Eve'}
2025-09-17 15:13:53 | INFO | Message received from author: Eve
2025-09-17 15:13:53 | INFO | Updated author counts: {'Alice': 27, 'Charlie': 16, 'Diana': 29, 'Eve': 18, 'Bob': 17}
2025-09-17 15:13:53 | INFO | Chart updated successfully for message: {"message": "This is a buzz message.", "author": "Eve"}
2025-09-17 15:13:56 | INFO | Processed JSON message: {'message': 'JSON makes life easier.', 'author': 'Eve'}
2025-09-17 15:13:56 | INFO | Message received from author: Eve
2025-09-17 15:13:56 | INFO | Updated author counts: {'Alice': 27, 'Charlie': 16, 'Diana': 29, 'Eve': 19, 'Bob': 17}
2025-09-17 15:13:56 | INFO | Chart updated successfully for message: {"message": "JSON makes life easier.", "author": "Eve"}
2025-09-17 15:13:59 | INFO | Processed JSON message: {'message': 'JSON makes life easier.', 'author': 'Alice'}
2025-09-17 15:13:59 | INFO | Message received from author: Alice
2025-09-17 15:13:59 | INFO | Updated author counts: {'Alice': 28, 'Charlie': 16, 'Diana': 29, 'Eve': 19, 'Bob': 17}
2025-09-17 15:13:59 | INFO | Chart updated successfully for message: {"message": "JSON makes life easier.", "author": "Alice"}
2025-09-17 15:14:02 | INFO | Processed JSON message: {'message': 'Data engineering is my passion.', 'author': 'Diana'}
2025-09-17 15:14:02 | INFO | Message received from author: Diana
2025-09-17 15:14:02 | INFO | Updated author counts: {'Alice': 28, 'Charlie': 16, 'Diana': 30, 'Eve': 19, 'Bob': 17}
2025-09-17 15:14:02 | INFO | Chart updated successfully for message: {"message": "Data engineering is my passion.", "author": "Diana"}
2025-09-17 15:14:05 | INFO | Processed JSON message: {'message': 'JSON makes life easier.', 'author': 'Diana'}
2025-09-17 15:14:05 | INFO | Message received from author: Diana
2025-09-17 15:14:05 | INFO | Updated author counts: {'Alice': 28, 'Charlie': 16, 'Diana': 31, 'Eve': 19, 'Bob': 17}
2025-09-17 15:14:05 | INFO | Chart updated successfully for message: {"message": "JSON makes life easier.", "author": "Diana"}
2025-09-17 15:14:08 | INFO | Processed JSON message: {'message': 'Kafka is awesome.', 'author': 'Charlie'}
2025-09-17 15:14:08 | INFO | Message received from author: Charlie
2025-09-17 15:14:08 | INFO | Updated author counts: {'Alice': 28, 'Charlie': 17, 'Diana': 31, 'Eve': 19, 'Bob': 17}
2025-09-17 15:14:08 | INFO | Chart updated successfully for message: {"message": "Kafka is awesome.", "author": "Charlie"}
2025-09-17 15:14:11 | INFO | Processed JSON message: {'message': 'JSON makes life easier.', 'author': 'Bob'}
2025-09-17 15:14:11 | INFO | Message received from author: Bob
2025-09-17 15:14:11 | INFO | Updated author counts: {'Alice': 28, 'Charlie': 17, 'Diana': 31, 'Eve': 19, 'Bob': 18}
2025-09-17 15:14:11 | INFO | Chart updated successfully for message: {"message": "JSON makes life easier.", "author": "Bob"}
2025-09-17 15:14:14 | INFO | Processed JSON message: {'message': 'I love Python!', 'author': 'Bob'}
2025-09-17 15:14:14 | INFO | Message received from author: Bob
2025-09-17 15:14:14 | INFO | Updated author counts: {'Alice': 28, 'Charlie': 17, 'Diana': 31, 'Eve': 19, 'Bob': 19}
2025-09-17 15:14:14 | INFO | Chart updated successfully for message: {"message": "I love Python!", "author": "Bob"}
2025-09-17 15:14:22 | WARNING | Consumer interrupted by user.
2025-09-17 15:14:22 | INFO | Kafka consumer for topic 'buzzline_json' closed.
2025-09-17 15:14:22 | INFO | END consumer for topic 'buzzline_json' and group 'buzz_group'.
