2025-09-16 18:11:52 | INFO | {'message': 'I just shared an app! It was amazing.', 'author': 'Eve'}
2025-09-16 18:11:55 | INFO | {'message': 'I just saw a trick! It was exciting.', 'author': 'Bob'}
2025-09-16 18:11:58 | INFO | {'message': 'I just saw an app! It was exciting.', 'author': 'Alice'}
2025-09-16 18:12:01 | INFO | {'message': 'I just shared a trick! It was weird.', 'author': 'Alice'}
2025-09-16 18:12:04 | INFO | {'message': 'I just found a trick! It was exciting.', 'author': 'Alice'}
2025-09-16 18:12:07 | INFO | {'message': 'I just tried a story! It was amazing.', 'author': 'Bob'}
2025-09-16 18:12:10 | INFO | {'message': 'I just loved a story! It was exciting.', 'author': 'Alice'}
2025-09-16 18:12:13 | INFO | {'message': 'I just tried a movie! It was exciting.', 'author': 'Alice'}
2025-09-16 18:12:16 | INFO | {'message': 'I just saw a meme! It was boring.', 'author': 'Charlie'}
2025-09-16 18:12:19 | INFO | {'message': 'I just tried a meme! It was funny.', 'author': 'Eve'}
2025-09-16 18:12:22 | INFO | {'message': 'I just found a meme! It was boring.', 'author': 'Alice'}
2025-09-16 18:12:25 | INFO | {'message': 'I just loved an app! It was boring.', 'author': 'Eve'}
2025-09-16 18:12:28 | INFO | {'message': 'I just found a movie! It was boring.', 'author': 'Alice'}
2025-09-16 18:12:31 | INFO | {'message': 'I just found a meme! It was weird.', 'author': 'Eve'}
2025-09-16 18:12:34 | INFO | {'message': 'I just tried an app! It was amazing.', 'author': 'Bob'}
2025-09-16 18:12:37 | INFO | {'message': 'I just saw an app! It was amazing.', 'author': 'Charlie'}
2025-09-16 18:12:40 | INFO | {'message': 'I just found a meme! It was weird.', 'author': 'Charlie'}
2025-09-16 18:12:43 | INFO | {'message': 'I just saw a movie! It was amazing.', 'author': 'Bob'}
2025-09-16 18:12:46 | INFO | {'message': 'I just loved a trick! It was exciting.', 'author': 'Charlie'}
2025-09-16 18:12:49 | INFO | {'message': 'I just saw an app! It was exciting.', 'author': 'Charlie'}
2025-09-16 18:12:52 | INFO | {'message': 'I just shared a story! It was boring.', 'author': 'Bob'}
2025-09-16 18:12:55 | INFO | {'message': 'I just loved a trick! It was amazing.', 'author': 'Eve'}
2025-09-16 18:12:55 | INFO | Logging to file: logs/project_log.log
2025-09-16 18:12:55 | INFO | Log sanitization enabled, personal info removed
2025-09-16 18:12:55 | INFO | Project root: /Users/USER/Projects/buzzline-04-wilcox
2025-09-16 18:12:55 | INFO | Data folder: /Users/USER/Projects/buzzline-04-wilcox/data
2025-09-16 18:12:55 | INFO | Data file: /Users/USER/Projects/buzzline-04-wilcox/data/smoker_temps.csv
2025-09-16 18:12:55 | INFO | START producer.
2025-09-16 18:12:55 | INFO | Kafka broker address: localhost:9092
2025-09-16 18:12:56 | INFO | Kafka is ready. Brokers: {'throttle_time_ms': 0, 'brokers': [{'node_id': 1, 'host': 'localhost', 'port': 9092, 'rack': None}], 'cluster_id': 'pGlhGFCmRQW3YpLSK7SXrA', 'controller_id': 1}
2025-09-16 18:12:56 | INFO | Kafka topic: smoker_csv
2025-09-16 18:12:56 | INFO | Message interval: 5 seconds
2025-09-16 18:12:56 | INFO | Kafka broker address: localhost:9092
2025-09-16 18:12:56 | INFO | Connecting to Kafka broker at localhost:9092...
2025-09-16 18:12:56 | INFO | Kafka producer successfully created.
2025-09-16 18:12:56 | INFO | Kafka broker address: localhost:9092
2025-09-16 18:12:56 | INFO | Topic 'smoker_csv' already exists. Recreating fresh...
2025-09-16 18:12:56 | INFO | Requested deletion of topic 'smoker_csv'.
2025-09-16 18:12:56 | INFO | Topic 'smoker_csv' created successfully.
2025-09-16 18:12:56 | INFO | Kafka topic 'smoker_csv' is ready.
2025-09-16 18:12:56 | INFO | Starting message production to topic 'smoker_csv'...
2025-09-16 18:12:56 | INFO | Opening data file in read mode: /Users/USER/Projects/buzzline-04-wilcox/data/smoker_temps.csv
2025-09-16 18:12:56 | INFO | Reading data from file: /Users/USER/Projects/buzzline-04-wilcox/data/smoker_temps.csv
2025-09-16 18:12:56 | INFO | Sent message to topic 'smoker_csv': {'timestamp': '2025-09-16T23:12:56.587281', 'temperature': 70.4}
2025-09-16 18:12:58 | INFO | {'message': 'I just shared a trick! It was boring.', 'author': 'Eve'}
2025-09-16 18:13:01 | INFO | {'message': 'I just tried a meme! It was funny.', 'author': 'Charlie'}
2025-09-16 18:13:01 | INFO | Sent message to topic 'smoker_csv': {'timestamp': '2025-09-16T23:13:01.589117', 'temperature': 70.8}
2025-09-16 18:13:04 | INFO | {'message': 'I just shared a meme! It was boring.', 'author': 'Bob'}
2025-09-16 18:13:06 | INFO | Sent message to topic 'smoker_csv': {'timestamp': '2025-09-16T23:13:06.595944', 'temperature': 71.2}
2025-09-16 18:13:07 | INFO | {'message': 'I just saw a trick! It was exciting.', 'author': 'Eve'}
2025-09-16 18:13:10 | INFO | {'message': 'I just loved a story! It was boring.', 'author': 'Alice'}
2025-09-16 18:13:11 | INFO | Sent message to topic 'smoker_csv': {'timestamp': '2025-09-16T23:13:11.600744', 'temperature': 71.6}
2025-09-16 18:13:13 | INFO | {'message': 'I just tried a story! It was weird.', 'author': 'Bob'}
2025-09-16 18:13:16 | INFO | {'message': 'I just tried a movie! It was amazing.', 'author': 'Charlie'}
2025-09-16 18:13:16 | INFO | Sent message to topic 'smoker_csv': {'timestamp': '2025-09-16T23:13:16.608187', 'temperature': 72.0}
2025-09-16 18:13:19 | INFO | {'message': 'I just found a meme! It was funny.', 'author': 'Charlie'}
2025-09-16 18:13:21 | INFO | Sent message to topic 'smoker_csv': {'timestamp': '2025-09-16T23:13:21.612058', 'temperature': 72.4}
2025-09-16 18:13:22 | INFO | {'message': 'I just found a story! It was amazing.', 'author': 'Eve'}
2025-09-16 18:13:25 | INFO | {'message': 'I just saw a story! It was boring.', 'author': 'Eve'}
2025-09-16 18:13:26 | INFO | Sent message to topic 'smoker_csv': {'timestamp': '2025-09-16T23:13:26.618624', 'temperature': 72.8}
2025-09-16 18:13:28 | INFO | {'message': 'I just loved a trick! It was exciting.', 'author': 'Bob'}
2025-09-16 18:13:31 | INFO | {'message': 'I just found a trick! It was amazing.', 'author': 'Eve'}
2025-09-16 18:13:31 | INFO | Sent message to topic 'smoker_csv': {'timestamp': '2025-09-16T23:13:31.624512', 'temperature': 73.2}
2025-09-16 18:13:34 | INFO | {'message': 'I just found a trick! It was amazing.', 'author': 'Alice'}
2025-09-16 18:13:36 | INFO | Sent message to topic 'smoker_csv': {'timestamp': '2025-09-16T23:13:36.630826', 'temperature': 73.6}
2025-09-16 18:13:37 | INFO | {'message': 'I just found an app! It was boring.', 'author': 'Eve'}
2025-09-16 18:13:40 | INFO | {'message': 'I just found a meme! It was weird.', 'author': 'Alice'}
2025-09-16 18:13:41 | INFO | Sent message to topic 'smoker_csv': {'timestamp': '2025-09-16T23:13:41.633117', 'temperature': 74.0}
2025-09-16 18:13:42 | INFO | Logging to file: logs/project_log.log
2025-09-16 18:13:42 | INFO | Log sanitization enabled, personal info removed
2025-09-16 18:13:42 | INFO | START consumer.
2025-09-16 18:13:42 | INFO | Kafka topic: smoker_csv
2025-09-16 18:13:42 | INFO | Kafka consumer group id: smoker_group
2025-09-16 18:13:42 | INFO | Rolling window size: 10
2025-09-16 18:13:42 | INFO | Consumer: Topic 'smoker_csv' and group 'smoker_group'...
2025-09-16 18:13:42 | INFO | Rolling window size: 10
2025-09-16 18:13:42 | INFO | Kafka broker address: localhost:9092
2025-09-16 18:13:42 | INFO | Creating Kafka consumer. Topic='smoker_csv' and group ID='smoker_group'.
2025-09-16 18:13:42 | INFO | Kafka consumer created successfully.
2025-09-16 18:13:42 | INFO | Polling messages from topic 'smoker_csv'...
2025-09-16 18:13:43 | INFO | {'message': 'I just saw an app! It was weird.', 'author': 'Bob'}
2025-09-16 18:13:46 | INFO | Processed JSON message: {'timestamp': '2025-09-16T23:13:01.589117', 'temperature': 70.8}
2025-09-16 18:13:46 | INFO | {'message': 'I just found an app! It was amazing.', 'author': 'Bob'}
2025-09-16 18:13:46 | INFO | Processed JSON message: {'timestamp': '2025-09-16T23:13:06.595944', 'temperature': 71.2}
2025-09-16 18:13:46 | INFO | Processed JSON message: {'timestamp': '2025-09-16T23:13:11.600744', 'temperature': 71.6}
2025-09-16 18:13:46 | INFO | Sent message to topic 'smoker_csv': {'timestamp': '2025-09-16T23:13:46.636531', 'temperature': 74.4}
2025-09-16 18:13:46 | INFO | Processed JSON message: {'timestamp': '2025-09-16T23:13:16.608187', 'temperature': 72.0}
2025-09-16 18:13:46 | INFO | Processed JSON message: {'timestamp': '2025-09-16T23:13:21.612058', 'temperature': 72.4}
2025-09-16 18:13:46 | INFO | Processed JSON message: {'timestamp': '2025-09-16T23:13:26.618624', 'temperature': 72.8}
2025-09-16 18:13:47 | INFO | Processed JSON message: {'timestamp': '2025-09-16T23:13:31.624512', 'temperature': 73.2}
2025-09-16 18:13:47 | INFO | Processed JSON message: {'timestamp': '2025-09-16T23:13:36.630826', 'temperature': 73.6}
2025-09-16 18:13:47 | INFO | Processed JSON message: {'timestamp': '2025-09-16T23:13:41.633117', 'temperature': 74.0}
2025-09-16 18:13:47 | INFO | Processed JSON message: {'timestamp': '2025-09-16T23:13:46.636531', 'temperature': 74.4}
2025-09-16 18:13:49 | INFO | {'message': 'I just saw a movie! It was weird.', 'author': 'Alice'}
2025-09-16 18:13:51 | INFO | Sent message to topic 'smoker_csv': {'timestamp': '2025-09-16T23:13:51.638622', 'temperature': 74.8}
2025-09-16 18:13:51 | INFO | Processed JSON message: {'timestamp': '2025-09-16T23:13:51.638622', 'temperature': 74.8}
2025-09-16 18:13:52 | INFO | {'message': 'I just found an app! It was funny.', 'author': 'Eve'}
2025-09-16 18:13:55 | INFO | {'message': 'I just shared a movie! It was boring.', 'author': 'Charlie'}
2025-09-16 18:13:56 | INFO | Sent message to topic 'smoker_csv': {'timestamp': '2025-09-16T23:13:56.640748', 'temperature': 75.2}
2025-09-16 18:13:56 | INFO | Processed JSON message: {'timestamp': '2025-09-16T23:13:56.640748', 'temperature': 75.2}
2025-09-16 18:13:58 | INFO | {'message': 'I just tried a meme! It was boring.', 'author': 'Charlie'}
2025-09-16 18:14:01 | INFO | {'message': 'I just loved a movie! It was weird.', 'author': 'Bob'}
2025-09-16 18:14:01 | INFO | Sent message to topic 'smoker_csv': {'timestamp': '2025-09-16T23:14:01.647952', 'temperature': 75.6}
2025-09-16 18:14:01 | INFO | Processed JSON message: {'timestamp': '2025-09-16T23:14:01.647952', 'temperature': 75.6}
2025-09-16 18:14:04 | INFO | {'message': 'I just loved a movie! It was weird.', 'author': 'Bob'}
2025-09-16 18:14:06 | INFO | Sent message to topic 'smoker_csv': {'timestamp': '2025-09-16T23:14:06.650056', 'temperature': 76.0}
2025-09-16 18:14:06 | INFO | Processed JSON message: {'timestamp': '2025-09-16T23:14:06.650056', 'temperature': 76.0}
2025-09-16 18:14:07 | INFO | {'message': 'I just loved a story! It was funny.', 'author': 'Charlie'}
2025-09-16 18:14:10 | INFO | {'message': 'I just shared an app! It was weird.', 'author': 'Bob'}
2025-09-16 18:14:11 | INFO | Sent message to topic 'smoker_csv': {'timestamp': '2025-09-16T23:14:11.654541', 'temperature': 76.4}
2025-09-16 18:14:11 | INFO | Processed JSON message: {'timestamp': '2025-09-16T23:14:11.654541', 'temperature': 76.4}
2025-09-16 18:14:13 | INFO | {'message': 'I just found a trick! It was exciting.', 'author': 'Alice'}
2025-09-16 18:14:16 | INFO | {'message': 'I just found a story! It was boring.', 'author': 'Charlie'}
2025-09-16 18:14:16 | INFO | Sent message to topic 'smoker_csv': {'timestamp': '2025-09-16T23:14:16.661358', 'temperature': 76.8}
2025-09-16 18:14:16 | INFO | Processed JSON message: {'timestamp': '2025-09-16T23:14:16.661358', 'temperature': 76.8}
2025-09-16 18:14:19 | INFO | {'message': 'I just shared a movie! It was exciting.', 'author': 'Alice'}
2025-09-16 18:14:21 | INFO | Sent message to topic 'smoker_csv': {'timestamp': '2025-09-16T23:14:21.668924', 'temperature': 77.2}
2025-09-16 18:14:21 | INFO | Processed JSON message: {'timestamp': '2025-09-16T23:14:21.668924', 'temperature': 77.2}
2025-09-16 18:14:22 | INFO | {'message': 'I just shared a trick! It was boring.', 'author': 'Alice'}
2025-09-16 18:14:25 | INFO | {'message': 'I just shared a meme! It was amazing.', 'author': 'Charlie'}
2025-09-16 18:14:26 | INFO | Sent message to topic 'smoker_csv': {'timestamp': '2025-09-16T23:14:26.674359', 'temperature': 77.6}
2025-09-16 18:14:26 | INFO | Processed JSON message: {'timestamp': '2025-09-16T23:14:26.674359', 'temperature': 77.6}
2025-09-16 18:14:28 | INFO | {'message': 'I just saw a movie! It was weird.', 'author': 'Alice'}
2025-09-16 18:14:31 | INFO | {'message': 'I just loved a story! It was boring.', 'author': 'Eve'}
2025-09-16 18:14:31 | INFO | Sent message to topic 'smoker_csv': {'timestamp': '2025-09-16T23:14:31.678240', 'temperature': 78.0}
2025-09-16 18:14:31 | INFO | Processed JSON message: {'timestamp': '2025-09-16T23:14:31.678240', 'temperature': 78.0}
2025-09-16 18:14:34 | INFO | {'message': 'I just loved an app! It was funny.', 'author': 'Charlie'}
2025-09-16 18:14:36 | INFO | Sent message to topic 'smoker_csv': {'timestamp': '2025-09-16T23:14:36.684625', 'temperature': 78.4}
2025-09-16 18:14:36 | INFO | Processed JSON message: {'timestamp': '2025-09-16T23:14:36.684625', 'temperature': 78.4}
2025-09-16 18:14:37 | INFO | {'message': 'I just saw a story! It was exciting.', 'author': 'Alice'}
2025-09-16 18:14:40 | INFO | {'message': 'I just tried a meme! It was amazing.', 'author': 'Eve'}
2025-09-16 18:14:41 | INFO | Sent message to topic 'smoker_csv': {'timestamp': '2025-09-16T23:14:41.688154', 'temperature': 78.8}
2025-09-16 18:14:41 | INFO | Processed JSON message: {'timestamp': '2025-09-16T23:14:41.688154', 'temperature': 78.8}
2025-09-16 18:14:43 | INFO | {'message': 'I just found a meme! It was funny.', 'author': 'Alice'}
2025-09-16 18:14:46 | INFO | {'message': 'I just saw a movie! It was amazing.', 'author': 'Alice'}
2025-09-16 18:14:46 | INFO | Sent message to topic 'smoker_csv': {'timestamp': '2025-09-16T23:14:46.694438', 'temperature': 79.2}
2025-09-16 18:14:46 | INFO | Processed JSON message: {'timestamp': '2025-09-16T23:14:46.694438', 'temperature': 79.2}
2025-09-16 18:14:49 | INFO | {'message': 'I just tried an app! It was exciting.', 'author': 'Eve'}
2025-09-16 18:14:51 | INFO | Sent message to topic 'smoker_csv': {'timestamp': '2025-09-16T23:14:51.698787', 'temperature': 79.6}
2025-09-16 18:14:51 | INFO | Processed JSON message: {'timestamp': '2025-09-16T23:14:51.698787', 'temperature': 79.6}
2025-09-16 18:14:52 | INFO | {'message': 'I just tried a meme! It was boring.', 'author': 'Charlie'}
2025-09-16 18:14:55 | INFO | {'message': 'I just loved a trick! It was weird.', 'author': 'Bob'}
2025-09-16 18:14:56 | INFO | Sent message to topic 'smoker_csv': {'timestamp': '2025-09-16T23:14:56.700851', 'temperature': 80.0}
2025-09-16 18:14:56 | INFO | Processed JSON message: {'timestamp': '2025-09-16T23:14:56.700851', 'temperature': 80.0}
2025-09-16 18:14:58 | INFO | {'message': 'I just found an app! It was boring.', 'author': 'Eve'}
2025-09-16 18:15:01 | INFO | {'message': 'I just loved a story! It was amazing.', 'author': 'Eve'}
2025-09-16 18:15:01 | INFO | Sent message to topic 'smoker_csv': {'timestamp': '2025-09-16T23:15:01.705347', 'temperature': 80.4}
2025-09-16 18:15:01 | INFO | Processed JSON message: {'timestamp': '2025-09-16T23:15:01.705347', 'temperature': 80.4}
2025-09-16 18:15:04 | INFO | {'message': 'I just saw a trick! It was weird.', 'author': 'Eve'}
2025-09-16 18:15:06 | INFO | Sent message to topic 'smoker_csv': {'timestamp': '2025-09-16T23:15:06.710810', 'temperature': 80.8}
2025-09-16 18:15:06 | INFO | Processed JSON message: {'timestamp': '2025-09-16T23:15:06.710810', 'temperature': 80.8}
2025-09-16 18:15:07 | INFO | {'message': 'I just shared a trick! It was amazing.', 'author': 'Alice'}
2025-09-16 18:15:10 | INFO | {'message': 'I just found a meme! It was exciting.', 'author': 'Charlie'}
2025-09-16 18:15:11 | INFO | Sent message to topic 'smoker_csv': {'timestamp': '2025-09-16T23:15:11.717384', 'temperature': 81.2}
2025-09-16 18:15:11 | INFO | Processed JSON message: {'timestamp': '2025-09-16T23:15:11.717384', 'temperature': 81.2}
2025-09-16 18:15:13 | INFO | {'message': 'I just found a trick! It was exciting.', 'author': 'Alice'}
2025-09-16 18:15:16 | INFO | {'message': 'I just saw a trick! It was funny.', 'author': 'Bob'}
2025-09-16 18:15:16 | INFO | Sent message to topic 'smoker_csv': {'timestamp': '2025-09-16T23:15:16.720247', 'temperature': 81.6}
2025-09-16 18:15:16 | INFO | Processed JSON message: {'timestamp': '2025-09-16T23:15:16.720247', 'temperature': 81.6}
2025-09-16 18:15:19 | INFO | {'message': 'I just loved a story! It was boring.', 'author': 'Eve'}
2025-09-16 18:15:21 | INFO | Sent message to topic 'smoker_csv': {'timestamp': '2025-09-16T23:15:21.726541', 'temperature': 82.0}
2025-09-16 18:15:21 | INFO | Processed JSON message: {'timestamp': '2025-09-16T23:15:21.726541', 'temperature': 82.0}
2025-09-16 18:15:22 | INFO | {'message': 'I just shared a meme! It was amazing.', 'author': 'Eve'}
2025-09-16 18:15:25 | INFO | {'message': 'I just saw a story! It was exciting.', 'author': 'Bob'}
2025-09-16 18:15:26 | INFO | Sent message to topic 'smoker_csv': {'timestamp': '2025-09-16T23:15:26.731958', 'temperature': 82.4}
2025-09-16 18:15:26 | INFO | Processed JSON message: {'timestamp': '2025-09-16T23:15:26.731958', 'temperature': 82.4}
2025-09-16 18:15:28 | INFO | {'message': 'I just shared a meme! It was boring.', 'author': 'Eve'}
2025-09-16 18:15:31 | INFO | {'message': 'I just shared a meme! It was exciting.', 'author': 'Charlie'}
2025-09-16 18:15:31 | INFO | Sent message to topic 'smoker_csv': {'timestamp': '2025-09-16T23:15:31.734137', 'temperature': 82.8}
2025-09-16 18:15:31 | INFO | Processed JSON message: {'timestamp': '2025-09-16T23:15:31.734137', 'temperature': 82.8}
2025-09-16 18:15:34 | INFO | {'message': 'I just loved a story! It was amazing.', 'author': 'Eve'}
2025-09-16 18:15:36 | INFO | Sent message to topic 'smoker_csv': {'timestamp': '2025-09-16T23:15:36.740032', 'temperature': 83.2}
2025-09-16 18:15:36 | INFO | Processed JSON message: {'timestamp': '2025-09-16T23:15:36.740032', 'temperature': 83.2}
2025-09-16 18:15:37 | INFO | {'message': 'I just saw an app! It was boring.', 'author': 'Bob'}
2025-09-16 18:15:40 | INFO | {'message': 'I just loved a meme! It was weird.', 'author': 'Charlie'}
2025-09-16 18:15:41 | INFO | Sent message to topic 'smoker_csv': {'timestamp': '2025-09-16T23:15:41.746771', 'temperature': 83.6}
2025-09-16 18:15:41 | INFO | Processed JSON message: {'timestamp': '2025-09-16T23:15:41.746771', 'temperature': 83.6}
2025-09-16 18:15:43 | INFO | {'message': 'I just found a trick! It was amazing.', 'author': 'Eve'}
2025-09-16 18:15:46 | INFO | {'message': 'I just found a movie! It was funny.', 'author': 'Charlie'}
2025-09-16 18:15:46 | INFO | Sent message to topic 'smoker_csv': {'timestamp': '2025-09-16T23:15:46.752120', 'temperature': 84.0}
2025-09-16 18:15:46 | INFO | Processed JSON message: {'timestamp': '2025-09-16T23:15:46.752120', 'temperature': 84.0}
2025-09-16 18:15:49 | INFO | {'message': 'I just found a movie! It was exciting.', 'author': 'Bob'}
2025-09-16 18:15:51 | INFO | Sent message to topic 'smoker_csv': {'timestamp': '2025-09-16T23:15:51.758838', 'temperature': 84.4}
2025-09-16 18:15:51 | INFO | Processed JSON message: {'timestamp': '2025-09-16T23:15:51.758838', 'temperature': 84.4}
2025-09-16 18:15:52 | INFO | {'message': 'I just shared a trick! It was amazing.', 'author': 'Bob'}
2025-09-16 18:15:55 | INFO | {'message': 'I just saw a movie! It was amazing.', 'author': 'Charlie'}
2025-09-16 18:15:56 | INFO | Sent message to topic 'smoker_csv': {'timestamp': '2025-09-16T23:15:56.762288', 'temperature': 84.8}
2025-09-16 18:15:56 | INFO | Processed JSON message: {'timestamp': '2025-09-16T23:15:56.762288', 'temperature': 84.8}
2025-09-16 18:15:58 | INFO | {'message': 'I just loved a meme! It was boring.', 'author': 'Bob'}
2025-09-16 18:16:01 | INFO | {'message': 'I just saw a meme! It was amazing.', 'author': 'Alice'}
2025-09-16 18:16:01 | INFO | Sent message to topic 'smoker_csv': {'timestamp': '2025-09-16T23:16:01.769093', 'temperature': 85.2}
2025-09-16 18:16:01 | INFO | Processed JSON message: {'timestamp': '2025-09-16T23:16:01.769093', 'temperature': 85.2}
2025-09-16 18:16:04 | INFO | {'message': 'I just tried a trick! It was amazing.', 'author': 'Charlie'}
2025-09-16 18:16:06 | INFO | Sent message to topic 'smoker_csv': {'timestamp': '2025-09-16T23:16:06.776067', 'temperature': 85.6}
2025-09-16 18:16:06 | INFO | Processed JSON message: {'timestamp': '2025-09-16T23:16:06.776067', 'temperature': 85.6}
2025-09-16 18:16:07 | INFO | {'message': 'I just saw a story! It was exciting.', 'author': 'Alice'}
2025-09-16 18:16:10 | INFO | {'message': 'I just tried a meme! It was exciting.', 'author': 'Eve'}
2025-09-16 18:16:11 | INFO | Sent message to topic 'smoker_csv': {'timestamp': '2025-09-16T23:16:11.779927', 'temperature': 86.0}
2025-09-16 18:16:11 | INFO | Processed JSON message: {'timestamp': '2025-09-16T23:16:11.779927', 'temperature': 86.0}
2025-09-16 18:16:13 | INFO | {'message': 'I just loved an app! It was boring.', 'author': 'Alice'}
2025-09-16 18:16:16 | INFO | {'message': 'I just tried an app! It was exciting.', 'author': 'Bob'}
2025-09-16 18:16:16 | INFO | Sent message to topic 'smoker_csv': {'timestamp': '2025-09-16T23:16:16.787514', 'temperature': 86.4}
2025-09-16 18:16:16 | INFO | Processed JSON message: {'timestamp': '2025-09-16T23:16:16.787514', 'temperature': 86.4}
2025-09-16 18:16:19 | INFO | {'message': 'I just loved an app! It was weird.', 'author': 'Alice'}
2025-09-16 18:16:21 | INFO | Sent message to topic 'smoker_csv': {'timestamp': '2025-09-16T23:16:21.792265', 'temperature': 86.8}
2025-09-16 18:16:21 | INFO | Processed JSON message: {'timestamp': '2025-09-16T23:16:21.792265', 'temperature': 86.8}
2025-09-16 18:16:22 | INFO | {'message': 'I just tried a meme! It was funny.', 'author': 'Charlie'}
2025-09-16 18:16:25 | INFO | {'message': 'I just shared a trick! It was exciting.', 'author': 'Eve'}
2025-09-16 18:16:26 | INFO | Sent message to topic 'smoker_csv': {'timestamp': '2025-09-16T23:16:26.798995', 'temperature': 87.2}
2025-09-16 18:16:26 | INFO | Processed JSON message: {'timestamp': '2025-09-16T23:16:26.798995', 'temperature': 87.2}
2025-09-16 18:16:28 | INFO | {'message': 'I just saw a story! It was boring.', 'author': 'Charlie'}
2025-09-16 18:16:31 | INFO | {'message': 'I just shared a movie! It was exciting.', 'author': 'Charlie'}
2025-09-16 18:16:31 | INFO | Sent message to topic 'smoker_csv': {'timestamp': '2025-09-16T23:16:31.801672', 'temperature': 87.6}
2025-09-16 18:16:31 | INFO | Processed JSON message: {'timestamp': '2025-09-16T23:16:31.801672', 'temperature': 87.6}
2025-09-16 18:16:34 | INFO | {'message': 'I just tried a meme! It was exciting.', 'author': 'Charlie'}
2025-09-16 18:16:36 | INFO | Sent message to topic 'smoker_csv': {'timestamp': '2025-09-16T23:16:36.804224', 'temperature': 88.0}
2025-09-16 18:16:36 | INFO | Processed JSON message: {'timestamp': '2025-09-16T23:16:36.804224', 'temperature': 88.0}
2025-09-16 18:16:37 | INFO | {'message': 'I just tried a meme! It was funny.', 'author': 'Charlie'}
2025-09-16 18:16:40 | INFO | {'message': 'I just found a story! It was weird.', 'author': 'Alice'}
2025-09-16 18:16:41 | INFO | Sent message to topic 'smoker_csv': {'timestamp': '2025-09-16T23:16:41.810096', 'temperature': 88.4}
2025-09-16 18:16:41 | INFO | Processed JSON message: {'timestamp': '2025-09-16T23:16:41.810096', 'temperature': 88.4}
2025-09-16 18:16:43 | INFO | {'message': 'I just shared a movie! It was exciting.', 'author': 'Alice'}
2025-09-16 18:16:46 | INFO | {'message': 'I just shared a story! It was boring.', 'author': 'Alice'}
2025-09-16 18:16:46 | INFO | Sent message to topic 'smoker_csv': {'timestamp': '2025-09-16T23:16:46.816901', 'temperature': 88.8}
2025-09-16 18:16:46 | INFO | Processed JSON message: {'timestamp': '2025-09-16T23:16:46.816901', 'temperature': 88.8}
2025-09-16 18:16:49 | INFO | {'message': 'I just tried a meme! It was boring.', 'author': 'Charlie'}
2025-09-16 18:16:51 | INFO | Sent message to topic 'smoker_csv': {'timestamp': '2025-09-16T23:16:51.819891', 'temperature': 89.2}
2025-09-16 18:16:51 | INFO | Processed JSON message: {'timestamp': '2025-09-16T23:16:51.819891', 'temperature': 89.2}
2025-09-16 18:16:52 | INFO | {'message': 'I just tried a movie! It was boring.', 'author': 'Bob'}
2025-09-16 18:16:55 | INFO | {'message': 'I just loved a movie! It was exciting.', 'author': 'Eve'}
2025-09-16 18:16:56 | INFO | Sent message to topic 'smoker_csv': {'timestamp': '2025-09-16T23:16:56.827089', 'temperature': 89.6}
2025-09-16 18:16:56 | INFO | Processed JSON message: {'timestamp': '2025-09-16T23:16:56.827089', 'temperature': 89.6}
2025-09-16 18:16:58 | INFO | {'message': 'I just found a movie! It was funny.', 'author': 'Eve'}
2025-09-16 18:17:01 | INFO | {'message': 'I just saw a movie! It was boring.', 'author': 'Eve'}
2025-09-16 18:17:01 | INFO | Sent message to topic 'smoker_csv': {'timestamp': '2025-09-16T23:17:01.833510', 'temperature': 90.0}
2025-09-16 18:17:01 | INFO | Processed JSON message: {'timestamp': '2025-09-16T23:17:01.833510', 'temperature': 90.0}
2025-09-16 18:17:04 | INFO | {'message': 'I just tried an app! It was funny.', 'author': 'Eve'}
2025-09-16 18:17:06 | INFO | Sent message to topic 'smoker_csv': {'timestamp': '2025-09-16T23:17:06.840903', 'temperature': 90.4}
2025-09-16 18:17:06 | INFO | Processed JSON message: {'timestamp': '2025-09-16T23:17:06.840903', 'temperature': 90.4}
2025-09-16 18:17:07 | INFO | {'message': 'I just saw a trick! It was funny.', 'author': 'Eve'}
2025-09-16 18:17:10 | INFO | {'message': 'I just saw a movie! It was boring.', 'author': 'Charlie'}
2025-09-16 18:17:11 | INFO | Sent message to topic 'smoker_csv': {'timestamp': '2025-09-16T23:17:11.847485', 'temperature': 90.8}
2025-09-16 18:17:11 | INFO | Processed JSON message: {'timestamp': '2025-09-16T23:17:11.847485', 'temperature': 90.8}
2025-09-16 18:17:13 | INFO | {'message': 'I just tried an app! It was exciting.', 'author': 'Bob'}
2025-09-16 18:17:16 | INFO | {'message': 'I just shared a trick! It was weird.', 'author': 'Alice'}
2025-09-16 18:17:16 | INFO | Sent message to topic 'smoker_csv': {'timestamp': '2025-09-16T23:17:16.853728', 'temperature': 91.2}
2025-09-16 18:17:16 | INFO | Processed JSON message: {'timestamp': '2025-09-16T23:17:16.853728', 'temperature': 91.2}
2025-09-16 18:17:19 | INFO | {'message': 'I just saw a meme! It was weird.', 'author': 'Eve'}
2025-09-16 18:17:19 | WARNING | Producer interrupted by user.
2025-09-16 18:17:19 | INFO | Producer shutting down.
2025-09-16 18:17:21 | INFO | Sent message to topic 'smoker_csv': {'timestamp': '2025-09-16T23:17:21.855529', 'temperature': 91.6}
2025-09-16 18:17:21 | INFO | Processed JSON message: {'timestamp': '2025-09-16T23:17:21.855529', 'temperature': 91.6}
2025-09-16 18:17:26 | INFO | Sent message to topic 'smoker_csv': {'timestamp': '2025-09-16T23:17:26.861786', 'temperature': 92.0}
2025-09-16 18:17:26 | INFO | Processed JSON message: {'timestamp': '2025-09-16T23:17:26.861786', 'temperature': 92.0}
2025-09-16 18:17:27 | WARNING | Consumer interrupted by user.
2025-09-16 18:17:27 | INFO | Kafka consumer for topic 'smoker_csv' closed.
2025-09-16 18:17:31 | WARNING | Producer interrupted by user.
2025-09-16 18:17:31 | INFO | Kafka producer closed.
2025-09-16 18:17:31 | INFO | END producer.
